\BOOKMARK [1][-]{section.0.1}{Introduction}{}% 1
\BOOKMARK [1][-]{section.0.2}{Objective}{}% 2
\BOOKMARK [1][-]{section.0.3}{Methods}{}% 3
\BOOKMARK [1][-]{section.0.4}{Data Processing}{}% 4
\BOOKMARK [1][-]{section.0.5}{Human health: the most harmfull events}{}% 5
\BOOKMARK [2][-]{subsection.0.5.1}{Fatal Occurrences}{section.0.5}% 6
\BOOKMARK [3][-]{section*.2}{Most fatal in a single occurrence}{subsection.0.5.1}% 7
\BOOKMARK [3][-]{section*.5}{Most fatal in all time}{subsection.0.5.1}% 8
\BOOKMARK [3][-]{section*.7}{Least fatal events}{subsection.0.5.1}% 9
\BOOKMARK [2][-]{subsection.0.5.2}{Injuring Occurrences}{section.0.5}% 10
\BOOKMARK [3][-]{section*.8}{Most injuring in a single occurrence}{subsection.0.5.2}% 11
\BOOKMARK [3][-]{section*.11}{Most injuring in all time}{subsection.0.5.2}% 12
\BOOKMARK [3][-]{section*.13}{Least injuring events}{subsection.0.5.2}% 13
\BOOKMARK [1][-]{section.0.6}{Economy: the the most harmfull events}{}% 14
\BOOKMARK [2][-]{subsection.0.6.1}{Property losses}{section.0.6}% 15
\BOOKMARK [3][-]{section*.14}{Most Property Damaging event in a single occurrence}{subsection.0.6.1}% 16
\BOOKMARK [3][-]{section*.17}{Most Property Damaging event in all time}{subsection.0.6.1}% 17
\BOOKMARK [3][-]{section*.19}{Least property damaging events}{subsection.0.6.1}% 18
\BOOKMARK [2][-]{subsection.0.6.2}{Crop losses}{section.0.6}% 19
\BOOKMARK [3][-]{section*.20}{Most Crop Damaging event in a single occurrence}{subsection.0.6.2}% 20
\BOOKMARK [3][-]{section*.23}{Most Crop Damaging event in all time}{subsection.0.6.2}% 21
\BOOKMARK [3][-]{section*.25}{Least crops damaging events}{subsection.0.6.2}% 22
\BOOKMARK [1][-]{section.0.7}{Most aflicted locations}{}% 23
\BOOKMARK [2][-]{subsection.0.7.1}{Worst fatality count}{section.0.7}% 24
\BOOKMARK [2][-]{subsection.0.7.2}{Worst injuries count}{section.0.7}% 25
\BOOKMARK [2][-]{subsection.0.7.3}{Worst property losses}{section.0.7}% 26
\BOOKMARK [2][-]{subsection.0.7.4}{Worst crops losses}{section.0.7}% 27
\BOOKMARK [1][-]{section.0.8}{Results}{}% 28
\BOOKMARK [2][-]{subsection.0.8.1}{Population Health}{section.0.8}% 29
\BOOKMARK [2][-]{subsection.0.8.2}{Economic Damages}{section.0.8}% 30
\BOOKMARK [2][-]{subsection.0.8.3}{Most aflicted locations}{section.0.8}% 31
\BOOKMARK [2][-]{subsection.0.8.4}{Distribution of data}{section.0.8}% 32
