This is pdfTeX, Version 3.14159265-2.6-1.40.17 (TeX Live 2016) (preloaded format=pdflatex 2017.2.25)  7 MAY 2017 11:55
entering extended mode
 restricted \write18 enabled.
 %&-line parsing enabled.
**rootz.tex
(./rootz.tex
LaTeX2e <2017/01/01> patch level 2
Babel <3.9r> and hyphenation patterns for 9 language(s) loaded.
(/data/data-erick/tex/texlive/2016/texmf-dist/tex/latex/base/book.cls
Document Class: book 2014/09/29 v1.4h Standard LaTeX document class
(/data/data-erick/tex/texlive/2016/texmf-dist/tex/latex/base/bk12.clo
File: bk12.clo 2014/09/29 v1.4h Standard LaTeX file (size option)
)
\c@part=\count79
\c@chapter=\count80
\c@section=\count81
\c@subsection=\count82
\c@subsubsection=\count83
\c@paragraph=\count84
\c@subparagraph=\count85
\c@figure=\count86
\c@table=\count87
\abovecaptionskip=\skip41
\belowcaptionskip=\skip42
\bibindent=\dimen102
)
(/data/data-erick/tex/texlive/2016/texmf-dist/tex/generic/babel/babel.sty
Package: babel 2016/04/23 3.9r The Babel package

(/data/data-erick/tex/texlive/2016/texmf-dist/tex/generic/babel-portuges/portug
es.ldf
Language: portuges 2008/03/18 v1.2q Portuguese support from the babel system

(/data/data-erick/tex/texlive/2016/texmf-dist/tex/generic/babel/babel.def
File: babel.def 2016/04/23 3.9r Babel common definitions
\babel@savecnt=\count88
\U@D=\dimen103
)
\l@brazilian = a dialect from \language\l@portuges 
Package babel Info: Making " an active character on input line 145.
))
(/data/data-erick/tex/texlive/2016/texmf-dist/tex/latex/microtype/microtype.sty
Package: microtype 2016/05/14 v2.6a Micro-typographical refinements (RS)
(/data/data-erick/tex/texlive/2016/texmf-dist/tex/latex/graphics/keyval.sty
Package: keyval 2014/10/28 v1.15 key=value parser (DPC)
\KV@toks@=\toks14
)
\MT@toks=\toks15
\MT@count=\count89
LaTeX Info: Redefining \textls on input line 774.
\MT@outer@kern=\dimen104
LaTeX Info: Redefining \textmicrotypecontext on input line 1310.
\MT@listname@count=\count90

(/data/data-erick/tex/texlive/2016/texmf-dist/tex/latex/microtype/microtype-pdf
tex.def
File: microtype-pdftex.def 2016/05/14 v2.6a Definitions specific to pdftex (RS)

LaTeX Info: Redefining \lsstyle on input line 916.
LaTeX Info: Redefining \lslig on input line 916.
\MT@outer@space=\skip43
)
Package microtype Info: Loading configuration file microtype.cfg.

(/data/data-erick/tex/texlive/2016/texmf-dist/tex/latex/microtype/microtype.cfg
File: microtype.cfg 2016/05/14 v2.6a microtype main configuration file (RS)
)) (/data/data-erick/tex/texlive/2016/texmf-dist/tex/latex/base/inputenc.sty
Package: inputenc 2015/03/17 v1.2c Input encoding file
\inpenc@prehook=\toks16
\inpenc@posthook=\toks17

(/data/data-erick/tex/texlive/2016/texmf-dist/tex/latex/ucs/utf8x.def
File: utf8x.def 2004/10/17 UCS: Input encoding UTF-8
))
(/data/data-erick/tex/texlive/2016/texmf-dist/tex/latex/ucs/ucs.sty
Package: ucs 2013/05/11 v2.2 UCS: Unicode input support

(/data/data-erick/tex/texlive/2016/texmf-dist/tex/latex/ucs/data/uni-global.def
File: uni-global.def 2013/05/13 UCS: Unicode global data
)
\uc@secondtry=\count91
\uc@combtoks=\toks18
\uc@combtoksb=\toks19
\uc@temptokena=\toks20
)
(/data/data-erick/tex/texlive/2016/texmf-dist/tex/latex/graphics/graphicx.sty
Package: graphicx 2014/10/28 v1.0g Enhanced LaTeX Graphics (DPC,SPQR)

(/data/data-erick/tex/texlive/2016/texmf-dist/tex/latex/graphics/graphics.sty
Package: graphics 2016/10/09 v1.0u Standard LaTeX Graphics (DPC,SPQR)

(/data/data-erick/tex/texlive/2016/texmf-dist/tex/latex/graphics/trig.sty
Package: trig 2016/01/03 v1.10 sin cos tan (DPC)
)
(/data/data-erick/tex/texlive/2016/texmf-dist/tex/latex/graphics-cfg/graphics.c
fg
File: graphics.cfg 2016/06/04 v1.11 sample graphics configuration
)
Package graphics Info: Driver file: pdftex.def on input line 99.

(/data/data-erick/tex/texlive/2016/texmf-dist/tex/latex/graphics-def/pdftex.def
File: pdftex.def 2017/01/12 v0.06k Graphics/color for pdfTeX

(/data/data-erick/tex/texlive/2016/texmf-dist/tex/generic/oberdiek/infwarerr.st
y
Package: infwarerr 2016/05/16 v1.4 Providing info/warning/error messages (HO)
)
(/data/data-erick/tex/texlive/2016/texmf-dist/tex/generic/oberdiek/ltxcmds.sty
Package: ltxcmds 2016/05/16 v1.23 LaTeX kernel commands for general use (HO)
)
\Gread@gobject=\count92
))
\Gin@req@height=\dimen105
\Gin@req@width=\dimen106
)
(/data/data-erick/tex/texlive/2016/texmf-dist/tex/latex/hyperref/hyperref.sty
Package: hyperref 2016/06/24 v6.83q Hypertext links for LaTeX

(/data/data-erick/tex/texlive/2016/texmf-dist/tex/generic/oberdiek/hobsub-hyper
ref.sty
Package: hobsub-hyperref 2016/05/16 v1.14 Bundle oberdiek, subset hyperref (HO)


(/data/data-erick/tex/texlive/2016/texmf-dist/tex/generic/oberdiek/hobsub-gener
ic.sty
Package: hobsub-generic 2016/05/16 v1.14 Bundle oberdiek, subset generic (HO)
Package: hobsub 2016/05/16 v1.14 Construct package bundles (HO)
Package hobsub Info: Skipping package `infwarerr' (already loaded).
Package hobsub Info: Skipping package `ltxcmds' (already loaded).
Package: ifluatex 2016/05/16 v1.4 Provides the ifluatex switch (HO)
Package ifluatex Info: LuaTeX not detected.
Package: ifvtex 2016/05/16 v1.6 Detect VTeX and its facilities (HO)
Package ifvtex Info: VTeX not detected.
Package: intcalc 2016/05/16 v1.2 Expandable calculations with integers (HO)
Package: ifpdf 2016/05/14 v3.1 Provides the ifpdf switch
Package: etexcmds 2016/05/16 v1.6 Avoid name clashes with e-TeX commands (HO)
Package etexcmds Info: Could not find \expanded.
(etexcmds)             That can mean that you are not using pdfTeX 1.50 or
(etexcmds)             that some package has redefined \expanded.
(etexcmds)             In the latter case, load this package earlier.
Package: kvsetkeys 2016/05/16 v1.17 Key value parser (HO)
Package: kvdefinekeys 2016/05/16 v1.4 Define keys (HO)
Package: pdftexcmds 2016/05/21 v0.22 Utility functions of pdfTeX for LuaTeX (HO
)
Package pdftexcmds Info: LuaTeX not detected.
Package pdftexcmds Info: \pdf@primitive is available.
Package pdftexcmds Info: \pdf@ifprimitive is available.
Package pdftexcmds Info: \pdfdraftmode found.
Package: pdfescape 2016/05/16 v1.14 Implements pdfTeX's escape features (HO)
Package: bigintcalc 2016/05/16 v1.4 Expandable calculations on big integers (HO
)
Package: bitset 2016/05/16 v1.2 Handle bit-vector datatype (HO)
Package: uniquecounter 2016/05/16 v1.3 Provide unlimited unique counter (HO)
)
Package hobsub Info: Skipping package `hobsub' (already loaded).
Package: letltxmacro 2016/05/16 v1.5 Let assignment for LaTeX macros (HO)
Package: hopatch 2016/05/16 v1.3 Wrapper for package hooks (HO)
Package: xcolor-patch 2016/05/16 xcolor patch
Package: atveryend 2016/05/16 v1.9 Hooks at the very end of document (HO)
Package atveryend Info: \enddocument detected (standard20110627).
Package: atbegshi 2016/06/09 v1.18 At begin shipout hook (HO)
Package: refcount 2016/05/16 v3.5 Data extraction from label references (HO)
Package: hycolor 2016/05/16 v1.8 Color options for hyperref/bookmark (HO)
)
(/data/data-erick/tex/texlive/2016/texmf-dist/tex/generic/ifxetex/ifxetex.sty
Package: ifxetex 2010/09/12 v0.6 Provides ifxetex conditional
)
(/data/data-erick/tex/texlive/2016/texmf-dist/tex/latex/oberdiek/auxhook.sty
Package: auxhook 2016/05/16 v1.4 Hooks for auxiliary files (HO)
)
(/data/data-erick/tex/texlive/2016/texmf-dist/tex/latex/oberdiek/kvoptions.sty
Package: kvoptions 2016/05/16 v3.12 Key value format for package options (HO)
)
\@linkdim=\dimen107
\Hy@linkcounter=\count93
\Hy@pagecounter=\count94
(/data/data-erick/tex/texlive/2016/texmf-dist/tex/latex/hyperref/pd1enc.def
File: pd1enc.def 2016/06/24 v6.83q Hyperref: PDFDocEncoding definition (HO)
)
\Hy@SavedSpaceFactor=\count95

(/data/data-erick/tex/texlive/2016/texmf-dist/tex/latex/latexconfig/hyperref.cf
g
File: hyperref.cfg 2002/06/06 v1.2 hyperref configuration of TeXLive
)
Package hyperref Info: Hyper figures OFF on input line 4486.
Package hyperref Info: Link nesting OFF on input line 4491.
Package hyperref Info: Hyper index ON on input line 4494.
Package hyperref Info: Plain pages OFF on input line 4501.
Package hyperref Info: Backreferencing OFF on input line 4506.
Package hyperref Info: Implicit mode ON; LaTeX internals redefined.
Package hyperref Info: Bookmarks ON on input line 4735.
\c@Hy@tempcnt=\count96
 (/data/data-erick/tex/texlive/2016/texmf-dist/tex/latex/url/url.sty
\Urlmuskip=\muskip10
Package: url 2013/09/16  ver 3.4  Verb mode for urls, etc.
)
LaTeX Info: Redefining \url on input line 5088.
\XeTeXLinkMargin=\dimen108
\Fld@menulength=\count97
\Field@Width=\dimen109
\Fld@charsize=\dimen110
Package hyperref Info: Hyper figures OFF on input line 6342.
Package hyperref Info: Link nesting OFF on input line 6347.
Package hyperref Info: Hyper index ON on input line 6350.
Package hyperref Info: backreferencing OFF on input line 6357.
Package hyperref Info: Link coloring OFF on input line 6362.
Package hyperref Info: Link coloring with OCG OFF on input line 6367.
Package hyperref Info: PDF/A mode OFF on input line 6372.
LaTeX Info: Redefining \ref on input line 6412.
LaTeX Info: Redefining \pageref on input line 6416.
\Hy@abspage=\count98
\c@Item=\count99
\c@Hfootnote=\count100
)

Package hyperref Message: Driver (autodetected): hpdftex.

(/data/data-erick/tex/texlive/2016/texmf-dist/tex/latex/hyperref/hpdftex.def
File: hpdftex.def 2016/06/24 v6.83q Hyperref driver for pdfTeX
\Fld@listcount=\count101
\c@bookmark@seq@number=\count102

(/data/data-erick/tex/texlive/2016/texmf-dist/tex/latex/oberdiek/rerunfilecheck
.sty
Package: rerunfilecheck 2016/05/16 v1.8 Rerun checks for auxiliary files (HO)
Package uniquecounter Info: New unique counter `rerunfilecheck' on input line 2
82.
)
\Hy@SectionHShift=\skip44
)
(/data/data-erick/tex/texlive/2016/texmf-dist/tex/latex/graphics/epsfig.sty
Package: epsfig 1999/02/16 v1.7a (e)psfig emulation (SPQR)
\epsfxsize=\dimen111
\epsfysize=\dimen112
)
(/data/data-erick/tex/texlive/2016/texmf-dist/tex/latex/float/float.sty
Package: float 2001/11/08 v1.3d Float enhancements (AL)
\c@float@type=\count103
\float@exts=\toks21
\float@box=\box26
\@float@everytoks=\toks22
\@floatcapt=\box27
)
(/data/data-erick/tex/texlive/2016/texmf-dist/tex/latex/tools/multicol.sty
Package: multicol 2016/04/07 v1.8p multicolumn formatting (FMi)
\c@tracingmulticols=\count104
\mult@box=\box28
\multicol@leftmargin=\dimen113
\c@unbalance=\count105
\c@collectmore=\count106
\doublecol@number=\count107
\multicoltolerance=\count108
\multicolpretolerance=\count109
\full@width=\dimen114
\page@free=\dimen115
\premulticols=\dimen116
\postmulticols=\dimen117
\multicolsep=\skip45
\multicolbaselineskip=\skip46
\partial@page=\box29
\last@line=\box30
\maxbalancingoverflow=\dimen118
\mult@rightbox=\box31
\mult@grightbox=\box32
\mult@gfirstbox=\box33
\mult@firstbox=\box34
\@tempa=\box35
\@tempa=\box36
\@tempa=\box37
\@tempa=\box38
\@tempa=\box39
\@tempa=\box40
\@tempa=\box41
\@tempa=\box42
\@tempa=\box43
\@tempa=\box44
\@tempa=\box45
\@tempa=\box46
\@tempa=\box47
\@tempa=\box48
\@tempa=\box49
\@tempa=\box50
\@tempa=\box51
\c@columnbadness=\count110
\c@finalcolumnbadness=\count111
\last@try=\dimen119
\multicolovershoot=\dimen120
\multicolundershoot=\dimen121
\mult@nat@firstbox=\box52
\colbreak@box=\box53
\mc@col@check@num=\count112
)
(/data/data-erick/tex/texlive/2016/texmf-dist/tex/latex/tools/array.sty
Package: array 2016/10/06 v2.4d Tabular extension package (FMi)
\col@sep=\dimen122
\extrarowheight=\dimen123
\NC@list=\toks23
\extratabsurround=\skip47
\backup@length=\skip48
)
(/data/data-erick/tex/texlive/2016/texmf-dist/tex/latex/xcolor/xcolor.sty
Package: xcolor 2016/05/11 v2.12 LaTeX color extensions (UK)

(/data/data-erick/tex/texlive/2016/texmf-dist/tex/latex/graphics-cfg/color.cfg
File: color.cfg 2016/01/02 v1.6 sample color configuration
)
Package xcolor Info: Driver file: pdftex.def on input line 225.
(/data/data-erick/tex/texlive/2016/texmf-dist/tex/latex/colortbl/colortbl.sty
Package: colortbl 2012/02/13 v1.0a Color table columns (DPC)
\everycr=\toks24
\minrowclearance=\skip49
)
\rownum=\count113
Package xcolor Info: Model `cmy' substituted by `cmy0' on input line 1348.
Package xcolor Info: Model `hsb' substituted by `rgb' on input line 1352.
Package xcolor Info: Model `RGB' extended on input line 1364.
Package xcolor Info: Model `HTML' substituted by `rgb' on input line 1366.
Package xcolor Info: Model `Hsb' substituted by `hsb' on input line 1367.
Package xcolor Info: Model `tHsb' substituted by `hsb' on input line 1368.
Package xcolor Info: Model `HSB' substituted by `hsb' on input line 1369.
Package xcolor Info: Model `Gray' substituted by `gray' on input line 1370.
Package xcolor Info: Model `wave' substituted by `hsb' on input line 1371.
) (/data/data-erick/tex/texlive/2016/texmf-dist/tex/latex/multirow/multirow.sty
Package: multirow 2016/11/25 v2.2 Span multiple rows of a table
\multirow@colwidth=\skip50
\multirow@cntb=\count114
\multirow@dima=\skip51
\bigstrutjot=\dimen124
) (/data/data-erick/tex/texlive/2016/texmf-dist/tex/latex/lastpage/lastpage.sty
Package: lastpage 2015/03/29 v1.2m Refers to last page's name (HMM; JPG)
) (/data/data-erick/tex/texlive/2016/texmf-dist/tex/latex/amsmath/amsmath.sty
Package: amsmath 2016/11/05 v2.16a AMS math features
\@mathmargin=\skip52

For additional information on amsmath, use the `?' option.
(/data/data-erick/tex/texlive/2016/texmf-dist/tex/latex/amsmath/amstext.sty
Package: amstext 2000/06/29 v2.01 AMS text

(/data/data-erick/tex/texlive/2016/texmf-dist/tex/latex/amsmath/amsgen.sty
File: amsgen.sty 1999/11/30 v2.0 generic functions
\@emptytoks=\toks25
\ex@=\dimen125
))
(/data/data-erick/tex/texlive/2016/texmf-dist/tex/latex/amsmath/amsbsy.sty
Package: amsbsy 1999/11/29 v1.2d Bold Symbols
\pmbraise@=\dimen126
)
(/data/data-erick/tex/texlive/2016/texmf-dist/tex/latex/amsmath/amsopn.sty
Package: amsopn 2016/03/08 v2.02 operator names
)
\inf@bad=\count115
LaTeX Info: Redefining \frac on input line 213.
\uproot@=\count116
\leftroot@=\count117
LaTeX Info: Redefining \overline on input line 375.
\classnum@=\count118
\DOTSCASE@=\count119
LaTeX Info: Redefining \ldots on input line 472.
LaTeX Info: Redefining \dots on input line 475.
LaTeX Info: Redefining \cdots on input line 596.
\Mathstrutbox@=\box54
\strutbox@=\box55
\big@size=\dimen127
LaTeX Font Info:    Redeclaring font encoding OML on input line 712.
LaTeX Font Info:    Redeclaring font encoding OMS on input line 713.
\macc@depth=\count120
\c@MaxMatrixCols=\count121
\dotsspace@=\muskip11
\c@parentequation=\count122
\dspbrk@lvl=\count123
\tag@help=\toks26
\row@=\count124
\column@=\count125
\maxfields@=\count126
\andhelp@=\toks27
\eqnshift@=\dimen128
\alignsep@=\dimen129
\tagshift@=\dimen130
\tagwidth@=\dimen131
\totwidth@=\dimen132
\lineht@=\dimen133
\@envbody=\toks28
\multlinegap=\skip53
\multlinetaggap=\skip54
\mathdisplay@stack=\toks29
LaTeX Info: Redefining \[ on input line 2817.
LaTeX Info: Redefining \] on input line 2818.
)
(/data/data-erick/tex/texlive/2016/texmf-dist/tex/latex/caption/caption.sty
Package: caption 2016/02/21 v3.3-144 Customizing captions (AR)

(/data/data-erick/tex/texlive/2016/texmf-dist/tex/latex/caption/caption3.sty
Package: caption3 2016/05/22 v1.7-166 caption3 kernel (AR)
Package caption3 Info: TeX engine: e-TeX on input line 67.
\captionmargin=\dimen134
\captionmargin@=\dimen135
\captionwidth=\dimen136
\caption@tempdima=\dimen137
\caption@indent=\dimen138
\caption@parindent=\dimen139
\caption@hangindent=\dimen140
)
\c@ContinuedFloat=\count127
Package caption Info: float package is loaded.
Package caption Info: hyperref package is loaded.
)
(/data/data-erick/tex/texlive/2016/texmf-dist/tex/latex/fancyhdr/fancyhdr.sty
Package: fancyhdr 2016/09/06 3.8 Extensive control of page headers and footers
\fancy@headwidth=\skip55
\f@ncyO@elh=\skip56
\f@ncyO@erh=\skip57
\f@ncyO@olh=\skip58
\f@ncyO@orh=\skip59
\f@ncyO@elf=\skip60
\f@ncyO@erf=\skip61
\f@ncyO@olf=\skip62
\f@ncyO@orf=\skip63
)
(/data/data-erick/tex/texlive/2016/texmf-dist/tex/latex/tools/tabularx.sty
Package: tabularx 2016/02/03 v2.11 `tabularx' package (DPC)
\TX@col@width=\dimen141
\TX@old@table=\dimen142
\TX@old@col=\dimen143
\TX@target=\dimen144
\TX@delta=\dimen145
\TX@cols=\count128
\TX@ftn=\toks30
)
(/data/data-erick/tex/texlive/2016/texmf-dist/tex/latex/setspace/setspace.sty
Package: setspace 2011/12/19 v6.7a set line spacing
)
(/data/data-erick/tex/texlive/2016/texmf-dist/tex/latex/tools/longtable.sty
Package: longtable 2014/10/28 v4.11 Multi-page Table package (DPC)
\LTleft=\skip64
\LTright=\skip65
\LTpre=\skip66
\LTpost=\skip67
\LTchunksize=\count129
\LTcapwidth=\dimen146
\LT@head=\box56
\LT@firsthead=\box57
\LT@foot=\box58
\LT@lastfoot=\box59
\LT@cols=\count130
\LT@rows=\count131
\c@LT@tables=\count132
\c@LT@chunks=\count133
\LT@p@ftn=\toks31
)
(/data/data-erick/tex/texlive/2016/texmf-dist/tex/latex/booktabs/booktabs.sty
Package: booktabs 2016/04/27 v1.618033 publication quality tables
\heavyrulewidth=\dimen147
\lightrulewidth=\dimen148
\cmidrulewidth=\dimen149
\belowrulesep=\dimen150
\belowbottomsep=\dimen151
\aboverulesep=\dimen152
\abovetopsep=\dimen153
\cmidrulesep=\dimen154
\cmidrulekern=\dimen155
\defaultaddspace=\dimen156
\@cmidla=\count134
\@cmidlb=\count135
\@aboverulesep=\dimen157
\@belowrulesep=\dimen158
\@thisruleclass=\count136
\@lastruleclass=\count137
\@thisrulewidth=\dimen159
)
(/data/data-erick/tex/texlive/2016/texmf-dist/tex/latex/geometry/geometry.sty
Package: geometry 2010/09/12 v5.6 Page Geometry
\Gm@cnth=\count138
\Gm@cntv=\count139
\c@Gm@tempcnt=\count140
\Gm@bindingoffset=\dimen160
\Gm@wd@mp=\dimen161
\Gm@odd@mp=\dimen162
\Gm@even@mp=\dimen163
\Gm@layoutwidth=\dimen164
\Gm@layoutheight=\dimen165
\Gm@layouthoffset=\dimen166
\Gm@layoutvoffset=\dimen167
\Gm@dimlist=\toks32
)
(/data/data-erick/tex/texlive/2016/texmf-dist/tex/latex/tools/indentfirst.sty
Package: indentfirst 1995/11/23 v1.03 Indent first paragraph (DPC)
)
(./rootz.aux)
\openout1 = `rootz.aux'.

LaTeX Font Info:    Checking defaults for OML/cmm/m/it on input line 41.
LaTeX Font Info:    ... okay on input line 41.
LaTeX Font Info:    Checking defaults for T1/cmr/m/n on input line 41.
LaTeX Font Info:    ... okay on input line 41.
LaTeX Font Info:    Checking defaults for OT1/cmr/m/n on input line 41.
LaTeX Font Info:    ... okay on input line 41.
LaTeX Font Info:    Checking defaults for OMS/cmsy/m/n on input line 41.
LaTeX Font Info:    ... okay on input line 41.
LaTeX Font Info:    Checking defaults for OMX/cmex/m/n on input line 41.
LaTeX Font Info:    ... okay on input line 41.
LaTeX Font Info:    Checking defaults for U/cmr/m/n on input line 41.
LaTeX Font Info:    ... okay on input line 41.
LaTeX Font Info:    Checking defaults for PD1/pdf/m/n on input line 41.
LaTeX Font Info:    ... okay on input line 41.
LaTeX Info: Redefining \microtypecontext on input line 41.
Package microtype Info: Generating PDF output.
Package microtype Info: Character protrusion enabled (level 2).
Package microtype Info: Using default protrusion set `alltext'.
Package microtype Info: Automatic font expansion enabled (level 2),
(microtype)             stretch: 20, shrink: 20, step: 1, non-selected.
Package microtype Info: Using default expansion set `basictext'.
Package microtype Info: No adjustment of tracking.
Package microtype Info: No adjustment of interword spacing.
Package microtype Info: No adjustment of character kerning.

(/data/data-erick/tex/texlive/2016/texmf-dist/tex/latex/microtype/mt-cmr.cfg
File: mt-cmr.cfg 2013/05/19 v2.2 microtype config. file: Computer Modern Roman 
(RS)
)
(/data/data-erick/tex/texlive/2016/texmf-dist/tex/latex/ucs/ucsencs.def
File: ucsencs.def 2011/01/21 Fixes to fontencodings LGR, T3
)
(/data/data-erick/tex/texlive/2016/texmf-dist/tex/context/base/mkii/supp-pdf.mk
ii
[Loading MPS to PDF converter (version 2006.09.02).]
\scratchcounter=\count141
\scratchdimen=\dimen168
\scratchbox=\box60
\nofMPsegments=\count142
\nofMParguments=\count143
\everyMPshowfont=\toks33
\MPscratchCnt=\count144
\MPscratchDim=\dimen169
\MPnumerator=\count145
\makeMPintoPDFobject=\count146
\everyMPtoPDFconversion=\toks34
)
(/data/data-erick/tex/texlive/2016/texmf-dist/tex/latex/oberdiek/epstopdf-base.
sty
Package: epstopdf-base 2016/05/15 v2.6 Base part for package epstopdf
 (/data/data-erick/tex/texlive/2016/texmf-dist/tex/latex/oberdiek/grfext.sty
Package: grfext 2016/05/16 v1.2 Manage graphics extensions (HO)
)
Package epstopdf-base Info: Redefining graphics rule for `.eps' on input line 4
38.
Package grfext Info: Graphics extension search list:
(grfext)             [.png,.pdf,.jpg,.mps,.jpeg,.jbig2,.jb2,.PNG,.PDF,.JPG,.JPE
G,.JBIG2,.JB2,.eps]
(grfext)             \AppendGraphicsExtensions on input line 456.

(/data/data-erick/tex/texlive/2016/texmf-dist/tex/latex/latexconfig/epstopdf-sy
s.cfg
File: epstopdf-sys.cfg 2010/07/13 v1.3 Configuration of (r)epstopdf for TeX Liv
e
))
\AtBeginShipoutBox=\box61
Package hyperref Info: Link coloring OFF on input line 41.

(/data/data-erick/tex/texlive/2016/texmf-dist/tex/latex/hyperref/nameref.sty
Package: nameref 2016/05/21 v2.44 Cross-referencing by name of section

(/data/data-erick/tex/texlive/2016/texmf-dist/tex/generic/oberdiek/gettitlestri
ng.sty
Package: gettitlestring 2016/05/16 v1.5 Cleanup title references (HO)
)
\c@section@level=\count147
)
LaTeX Info: Redefining \ref on input line 41.
LaTeX Info: Redefining \pageref on input line 41.
LaTeX Info: Redefining \nameref on input line 41.
 (./rootz.out) (./rootz.out)
\@outlinefile=\write3
\openout3 = `rootz.out'.

Package lastpage Info: Please have a look at the pageslts package at
(lastpage)             https://www.ctan.org/pkg/pageslts
(lastpage)             ! on input line 41.
Package caption Info: Begin \AtBeginDocument code.
Package caption Info: longtable package is loaded.

(/data/data-erick/tex/texlive/2016/texmf-dist/tex/latex/caption/ltcaption.sty
Package: ltcaption 2013/06/09 v1.4-94 longtable captions (AR)
)
Package caption Info: End \AtBeginDocument code.

*geometry* driver: auto-detecting
*geometry* detected driver: pdftex
*geometry* verbose mode - [ preamble ] result:
* driver: pdftex
* paper: a4paper
* layout: <same size as paper>
* layoutoffset:(h,v)=(0.0pt,0.0pt)
* modes: 
* h-part:(L,W,R)=(85.35826pt, 455.24411pt, 56.9055pt)
* v-part:(T,H,B)=(85.35826pt, 702.78308pt, 56.9055pt)
* \paperwidth=597.50787pt
* \paperheight=845.04684pt
* \textwidth=455.24411pt
* \textheight=702.78308pt
* \oddsidemargin=13.08827pt
* \evensidemargin=13.08827pt
* \topmargin=-18.78552pt
* \headheight=12.0pt
* \headsep=19.8738pt
* \topskip=12.0pt
* \footskip=30.0pt
* \marginparwidth=38.0pt
* \marginparsep=7.0pt
* \columnsep=10.0pt
* \skip\footins=10.8pt plus 4.0pt minus 2.0pt
* \hoffset=0.0pt
* \voffset=0.0pt
* \mag=1000
* \@twocolumnfalse
* \@twosidefalse
* \@mparswitchfalse
* \@reversemarginfalse
* (1in=72.27pt=25.4mm, 1cm=28.453pt)

(./corpo.tex (./rootz.toc)
\tf@toc=\write4
\openout4 = `rootz.toc'.

Package babel Info: Redefining portuges shorthand "|
(babel)             in language  on input line 5.
Package babel Info: Redefining portuges shorthand "|
(babel)             in language  on input line 5.
 [1


{/data/data-erick/tex/texlive/2016/texmf-var/fonts/map/pdftex/updmap/pdftex.map
}]
Package babel Info: Redefining portuges shorthand "|
(babel)             in language  on input line 5.
Package microtype Info: Loading generic settings for font family
(microtype)             `cmtt' (encoding: OT1).
(microtype)             For optimal results, create family-specific settings.
(microtype)             See the microtype manual for details.
Package babel Info: Redefining portuges shorthand "|
(babel)             in language  on input line 26.
Package babel Info: Redefining portuges shorthand "|
(babel)             in language  on input line 50.
Package babel Info: Redefining portuges shorthand "|
(babel)             in language  on input line 58.
Package babel Info: Redefining portuges shorthand "|
(babel)             in language  on input line 63.
Package babel Info: Redefining portuges shorthand "|
(babel)             in language  on input line 63.
 [2]
LaTeX Font Info:    Try loading font information for OMS+cmr on input line 68.

(/data/data-erick/tex/texlive/2016/texmf-dist/tex/latex/base/omscmr.fd
File: omscmr.fd 2014/09/29 v2.5h Standard LaTeX font definitions
)
LaTeX Font Info:    Font shape `OMS/cmr/m/n' in size <12> not available
(Font)              Font shape `OMS/cmsy/m/n' tried instead on input line 68.
Package babel Info: Redefining portuges shorthand "|
(babel)             in language  on input line 106.
Package babel Info: Redefining portuges shorthand "|
(babel)             in language  on input line 114.
Package babel Info: Redefining portuges shorthand "|
(babel)             in language  on input line 117.
Package babel Info: Redefining portuges shorthand "|
(babel)             in language  on input line 128.
Package babel Info: Redefining portuges shorthand "|
(babel)             in language  on input line 128.

[3]
<readme_files/figure-latex/fatal-distr-4-1.pdf, id=190, 505.89pt x 216.81pt>
File: readme_files/figure-latex/fatal-distr-4-1.pdf Graphic file (type pdf)

<use readme_files/figure-latex/fatal-distr-4-1.pdf>
Package pdftex.def Info: readme_files/figure-latex/fatal-distr-4-1.pdf used on 
input line 152.
(pdftex.def)             Requested size: 505.88875pt x 216.80946pt.

Overfull \hbox (50.64464pt too wide) in paragraph at lines 152--153
 [][] 
 []


Overfull \hbox (85.97505pt too wide) in alignment at lines 158--164
 [] [] [] [] [] [] [] [] [] [] 
 []


Overfull \hbox (85.97505pt too wide) in alignment at lines 164--169
 [] [] [] [] [] [] [] [] [] [] 
 []


Overfull \hbox (85.97505pt too wide) in alignment at lines 169--185
 [] [] [] [] [] [] [] [] [] [] 
 []


<readme_files/figure-latex/fatal-plot-single-1.pdf, id=191, 464.73625pt x 309.1
55pt>
File: readme_files/figure-latex/fatal-plot-single-1.pdf Graphic file (type pdf)

 <use readme_files/figure-latex/fatal-plot-single-1.pdf>
Package pdftex.def Info: readme_files/figure-latex/fatal-plot-single-1.pdf used
 on input line 189.
(pdftex.def)             Requested size: 464.7351pt x 309.15424pt.

Overfull \hbox (9.491pt too wide) in paragraph at lines 189--190
 [][] 
 []

Package babel Info: Redefining portuges shorthand "|
(babel)             in language  on input line 199.
Package babel Info: Redefining portuges shorthand "|
(babel)             in language  on input line 229.
Package babel Info: Redefining portuges shorthand "|
(babel)             in language  on input line 229.
[4]
Package babel Info: Redefining portuges shorthand "|
(babel)             in language  on input line 229.
Package babel Info: Redefining portuges shorthand "|
(babel)             in language  on input line 229.
 [5 <./readme_files/figure-latex/fatal-distr-4-1.pdf> <./readme_files/figure-la
tex/fatal-plot-single-1.pdf>]
<readme_files/figure-latex/fatal-plot-alltime-1.pdf, id=218, 459.7175pt x 301.1
25pt>
File: readme_files/figure-latex/fatal-plot-alltime-1.pdf Graphic file (type pdf
)
 <use readme_files/figure-latex/fatal-plot-alltime-1.pdf>
Package pdftex.def Info: readme_files/figure-latex/fatal-plot-alltime-1.pdf use
d on input line 233.
(pdftex.def)             Requested size: 459.71637pt x 301.12425pt.

Overfull \hbox (4.47226pt too wide) in paragraph at lines 233--234
 [][] 
 []

Package babel Info: Redefining portuges shorthand "|
(babel)             in language  on input line 240.
Package babel Info: Redefining portuges shorthand "|
(babel)             in language  on input line 268.
Package babel Info: Redefining portuges shorthand "|
(babel)             in language  on input line 271.

Overfull \hbox (1.39737pt too wide) in paragraph at lines 282--282
[]\OT1/cmtt/m/n/12 ## 97.7% 97.9% 98.1% 98.3% 98.5% 98.7% 98.9% 99.1% 99.3% 99.
5% 99.7% 99.9%[] 
 []


Overfull \hbox (1.70612pt too wide) in paragraph at lines 282--282
[]\OT1/cmtt/m/n/12 ##     0     0     1     1     1     1     1     2     3    
 4     8    25[] 
 []

Package babel Info: Redefining portuges shorthand "|
(babel)             in language  on input line 288.
Package babel Info: Redefining portuges shorthand "|
(babel)             in language  on input line 288.
[6]
<readme_files/figure-latex/inj-distribution-1.pdf, id=224, 505.89pt x 216.81pt>
File: readme_files/figure-latex/inj-distribution-1.pdf Graphic file (type pdf)
<use readme_files/figure-latex/inj-distribution-1.pdf>
Package pdftex.def Info: readme_files/figure-latex/inj-distribution-1.pdf used 
on input line 306.
(pdftex.def)             Requested size: 505.88875pt x 216.80946pt.

Overfull \hbox (50.64464pt too wide) in paragraph at lines 306--307
 [][] 
 []


Overfull \hbox (90.69307pt too wide) in alignment at lines 312--318
 [] [] [] [] [] [] [] [] [] [] 
 []


Overfull \hbox (90.69307pt too wide) in alignment at lines 318--323
 [] [] [] [] [] [] [] [] [] [] 
 []


Overfull \hbox (90.69307pt too wide) in alignment at lines 323--359
 [] [] [] [] [] [] [] [] [] [] 
 []

Package babel Info: Redefining portuges shorthand "|
(babel)             in language  on input line 359.
Package babel Info: Redefining portuges shorthand "|
(babel)             in language  on input line 359.
[7 <./readme_files/figure-latex/fatal-plot-alltime-1.pdf>]
<readme_files/figure-latex/injuring-single-plot-1.pdf, id=239, 464.73625pt x 30
9.155pt>
File: readme_files/figure-latex/injuring-single-plot-1.pdf Graphic file (type p
df)
 <use readme_files/figure-latex/injuring-single-plot-1.pdf>
Package pdftex.def Info: readme_files/figure-latex/injuring-single-plot-1.pdf u
sed on input line 363.
(pdftex.def)             Requested size: 464.7351pt x 309.15424pt.

Overfull \hbox (9.491pt too wide) in paragraph at lines 363--364
 [][] 
 []

Package babel Info: Redefining portuges shorthand "|
(babel)             in language  on input line 374.

<readme_files/figure-latex/injuring-all-plot-1.pdf, id=240, 459.7175pt x 301.12
5pt>
File: readme_files/figure-latex/injuring-all-plot-1.pdf Graphic file (type pdf)

 <use readme_files/figure-latex/injuring-all-plot-1.pdf>
Package pdftex.def Info: readme_files/figure-latex/injuring-all-plot-1.pdf used
 on input line 411.
(pdftex.def)             Requested size: 459.71637pt x 301.12425pt.

Overfull \hbox (4.47226pt too wide) in paragraph at lines 411--412
 [][] 
 []

Package babel Info: Redefining portuges shorthand "|
(babel)             in language  on input line 413.
Package babel Info: Redefining portuges shorthand "|
(babel)             in language  on input line 413.
[8]
Package babel Info: Redefining portuges shorthand "|
(babel)             in language  on input line 413.
Package babel Info: Redefining portuges shorthand "|
(babel)             in language  on input line 413.
 [9 <./readme_files/figure-latex/inj-distribution-1.pdf> <./readme_files/figure
-latex/injuring-single-plot-1.pdf>]
Package babel Info: Redefining portuges shorthand "|
(babel)             in language  on input line 415.
Package babel Info: Redefining portuges shorthand "|
(babel)             in language  on input line 444.
Package babel Info: Redefining portuges shorthand "|
(babel)             in language  on input line 449.
Package babel Info: Redefining portuges shorthand "|
(babel)             in language  on input line 449.
 [10 <./readme_files/figure-latex/injuring-all-plot-1.pdf>]
Package babel Info: Redefining portuges shorthand "|
(babel)             in language  on input line 453.
Package babel Info: Redefining portuges shorthand "|
(babel)             in language  on input line 456.

<readme_files/figure-latex/crop-distribution-1.pdf, id=279, 505.89pt x 216.81pt
>
File: readme_files/figure-latex/crop-distribution-1.pdf Graphic file (type pdf)

 <use readme_files/figure-latex/crop-distribution-1.pdf>
Package pdftex.def Info: readme_files/figure-latex/crop-distribution-1.pdf used
 on input line 488.
(pdftex.def)             Requested size: 505.88875pt x 216.80946pt.

Overfull \hbox (50.64464pt too wide) in paragraph at lines 488--489
 [][] 
 []


Overfull \hbox (31.36983pt too wide) in alignment at lines 494--501
 [] [] [] [] [] [] [] [] 
 []


Overfull \hbox (31.36983pt too wide) in alignment at lines 501--506
 [] [] [] [] [] [] [] [] 
 []


Overfull \hbox (31.36983pt too wide) in alignment at lines 506--547
 [] [] [] [] [] [] [] [] 
 []


Overfull \hbox (31.36983pt too wide) in alignment at lines 547--548
 [] [] [] [] [] [] [] [] 
 []

Package babel Info: Redefining portuges shorthand "|
(babel)             in language  on input line 548.
Package babel Info: Redefining portuges shorthand "|
(babel)             in language  on input line 548.
[11]
<readme_files/figure-latex/prop-single-plot-1.pdf, id=285, 464.73625pt x 309.15
5pt>
File: readme_files/figure-latex/prop-single-plot-1.pdf Graphic file (type pdf)
 <use readme_files/figure-latex/prop-single-plot-1.pdf>
Package pdftex.def Info: readme_files/figure-latex/prop-single-plot-1.pdf used 
on input line 552.
(pdftex.def)             Requested size: 464.7351pt x 309.15424pt.

Overfull \hbox (9.491pt too wide) in paragraph at lines 552--553
 [][] 
 []

Package babel Info: Redefining portuges shorthand "|
(babel)             in language  on input line 561.

<readme_files/figure-latex/prop-all-plot-1.pdf, id=286, 459.7175pt x 301.125pt>
File: readme_files/figure-latex/prop-all-plot-1.pdf Graphic file (type pdf)
<use readme_files/figure-latex/prop-all-plot-1.pdf>
Package pdftex.def Info: readme_files/figure-latex/prop-all-plot-1.pdf used on 
input line 602.
(pdftex.def)             Requested size: 459.71637pt x 301.12425pt.

Overfull \hbox (4.47226pt too wide) in paragraph at lines 602--603
 [][] 
 []

Package babel Info: Redefining portuges shorthand "|
(babel)             in language  on input line 610.
Package babel Info: Redefining portuges shorthand "|
(babel)             in language  on input line 635.
Package babel Info: Redefining portuges shorthand "|
(babel)             in language  on input line 635.
[12]
Package babel Info: Redefining portuges shorthand "|
(babel)             in language  on input line 635.
Package babel Info: Redefining portuges shorthand "|
(babel)             in language  on input line 635.
 [13 <./readme_files/figure-latex/crop-distribution-1.pdf> <./readme_files/figu
re-latex/prop-single-plot-1.pdf>]
Package babel Info: Redefining portuges shorthand "|
(babel)             in language  on input line 637.
Package babel Info: Redefining portuges shorthand "|
(babel)             in language  on input line 640.

<readme_files/figure-latex/crop-distr-4-1.pdf, id=314, 505.89pt x 216.81pt>
File: readme_files/figure-latex/crop-distr-4-1.pdf Graphic file (type pdf)

<use readme_files/figure-latex/crop-distr-4-1.pdf>
Package pdftex.def Info: readme_files/figure-latex/crop-distr-4-1.pdf used on i
nput line 671.
(pdftex.def)             Requested size: 505.88875pt x 216.80946pt.

Overfull \hbox (50.64464pt too wide) in paragraph at lines 671--672
 [][] 
 []


Overfull \hbox (19.37413pt too wide) in alignment at lines 677--684
 [] [] [] [] [] [] [] [] 
 []


Overfull \hbox (19.37413pt too wide) in alignment at lines 684--689
 [] [] [] [] [] [] [] [] 
 []


Overfull \hbox (19.37413pt too wide) in alignment at lines 689--730
 [] [] [] [] [] [] [] [] 
 []


Overfull \vbox (300.96231pt too high) has occurred while \output is active []

Package babel Info: Redefining portuges shorthand "|
(babel)             in language  on input line 730.
Package babel Info: Redefining portuges shorthand "|
(babel)             in language  on input line 730.

[14 <./readme_files/figure-latex/prop-all-plot-1.pdf>]
Overfull \hbox (19.37413pt too wide) in alignment at lines 730--731
 [] [] [] [] [] [] [] [] 
 []


<readme_files/figure-latex/crop-single-plot-1.pdf, id=329, 459.7175pt x 309.155
pt>
File: readme_files/figure-latex/crop-single-plot-1.pdf Graphic file (type pdf)
 <use readme_files/figure-latex/crop-single-plot-1.pdf>
Package pdftex.def Info: readme_files/figure-latex/crop-single-plot-1.pdf used 
on input line 735.
(pdftex.def)             Requested size: 459.71637pt x 309.15424pt.

Overfull \hbox (4.47226pt too wide) in paragraph at lines 735--736
 [][] 
 []

Package babel Info: Redefining portuges shorthand "|
(babel)             in language  on input line 744.
Package babel Info: Redefining portuges shorthand "|
(babel)             in language  on input line 781.
Package babel Info: Redefining portuges shorthand "|
(babel)             in language  on input line 781.
[15 <./readme_files/figure-latex/crop-distr-4-1.pdf>]
<readme_files/figure-latex/crop-all-plot-1.pdf, id=343, 459.7175pt x 301.125pt>
File: readme_files/figure-latex/crop-all-plot-1.pdf Graphic file (type pdf)
<use readme_files/figure-latex/crop-all-plot-1.pdf>
Package pdftex.def Info: readme_files/figure-latex/crop-all-plot-1.pdf used on 
input line 785.
(pdftex.def)             Requested size: 459.71637pt x 301.12425pt.

Overfull \hbox (4.47226pt too wide) in paragraph at lines 785--786
 [][] 
 []

Package babel Info: Redefining portuges shorthand "|
(babel)             in language  on input line 793.
Package babel Info: Redefining portuges shorthand "|
(babel)             in language  on input line 821.
Package babel Info: Redefining portuges shorthand "|
(babel)             in language  on input line 828.
Package babel Info: Redefining portuges shorthand "|
(babel)             in language  on input line 856.
Package babel Info: Redefining portuges shorthand "|
(babel)             in language  on input line 856.
[16]
Package babel Info: Redefining portuges shorthand "|
(babel)             in language  on input line 856.
Package babel Info: Redefining portuges shorthand "|
(babel)             in language  on input line 856.
 [17 <./readme_files/figure-latex/crop-single-plot-1.pdf> <./readme_files/figur
e-latex/crop-all-plot-1.pdf>]
Package babel Info: Redefining portuges shorthand "|
(babel)             in language  on input line 861.
Package babel Info: Redefining portuges shorthand "|
(babel)             in language  on input line 894.
Package babel Info: Redefining portuges shorthand "|
(babel)             in language  on input line 924.
Package babel Info: Redefining portuges shorthand "|
(babel)             in language  on input line 924.
 [18]
Package babel Info: Redefining portuges shorthand "|
(babel)             in language  on input line 929.
Package babel Info: Redefining portuges shorthand "|
(babel)             in language  on input line 965.
Package babel Info: Redefining portuges shorthand "|
(babel)             in language  on input line 967.

<readme_files/figure-latex/health-plot-1.pdf, id=376, 722.7pt x 722.7pt>
File: readme_files/figure-latex/health-plot-1.pdf Graphic file (type pdf)

<use readme_files/figure-latex/health-plot-1.pdf>
Package pdftex.def Info: readme_files/figure-latex/health-plot-1.pdf used on in
put line 971.
(pdftex.def)             Requested size: 722.69823pt x 722.69823pt.

Overfull \hbox (267.45412pt too wide) in paragraph at lines 971--972
 [][] 
 []


LaTeX Warning: Float too large for page by 44.41513pt on input line 973.

Package babel Info: Redefining portuges shorthand "|
(babel)             in language  on input line 973.
Package babel Info: Redefining portuges shorthand "|
(babel)             in language  on input line 973.
[19]
Package babel Info: Redefining portuges shorthand "|
(babel)             in language  on input line 987.

<readme_files/figure-latex/economic-plot-1.pdf, id=383, 722.7pt x 722.7pt>
File: readme_files/figure-latex/economic-plot-1.pdf Graphic file (type pdf)

<use readme_files/figure-latex/economic-plot-1.pdf>
Package pdftex.def Info: readme_files/figure-latex/economic-plot-1.pdf used on 
input line 991.
(pdftex.def)             Requested size: 722.69823pt x 722.69823pt.

Overfull \hbox (267.45412pt too wide) in paragraph at lines 991--992
 [][] 
 []


LaTeX Warning: Float too large for page by 44.41513pt on input line 993.

Package babel Info: Redefining portuges shorthand "|
(babel)             in language  on input line 1009.
Package babel Info: Redefining portuges shorthand "|
(babel)             in language  on input line 1023.
<readme_files/figure-latex/distribution-1.pdf, id=384, 722.7pt x 216.81pt>
File: readme_files/figure-latex/distribution-1.pdf Graphic file (type pdf)

<use readme_files/figure-latex/distribution-1.pdf>
Package pdftex.def Info: readme_files/figure-latex/distribution-1.pdf used on i
nput line 1025.
(pdftex.def)             Requested size: 722.69823pt x 216.80946pt.

<readme_files/figure-latex/distribution-2.pdf, id=385, 722.7pt x 216.81pt>
File: readme_files/figure-latex/distribution-2.pdf Graphic file (type pdf)

<use readme_files/figure-latex/distribution-2.pdf>
Package pdftex.def Info: readme_files/figure-latex/distribution-2.pdf used on i
nput line 1026.
(pdftex.def)             Requested size: 722.69823pt x 216.80946pt.

Overfull \hbox (267.45412pt too wide) in paragraph at lines 1025--1027
[][]
 []


Overfull \hbox (267.45412pt too wide) in paragraph at lines 1025--1027
[] 
 []

Package babel Info: Redefining portuges shorthand "|
(babel)             in language  on input line 1027.
Package babel Info: Redefining portuges shorthand "|
(babel)             in language  on input line 1027.
[20]
Package babel Info: Redefining portuges shorthand "|
(babel)             in language  on input line 1027.
Package babel Info: Redefining portuges shorthand "|
(babel)             in language  on input line 1027.
 [21 <./readme_files/figure-latex/health-plot-1.pdf>]
Package babel Info: Redefining portuges shorthand "|
(babel)             in language  on input line 1027.
Package babel Info: Redefining portuges shorthand "|
(babel)             in language  on input line 1027.
 [22 <./readme_files/figure-latex/economic-plot-1.pdf>] 
AED: lastpage setting LastPage
Package babel Info: Redefining portuges shorthand "|
(babel)             in language  on input line 1029.
Package babel Info: Redefining portuges shorthand "|
(babel)             in language  on input line 1029.
[23 <./readme_files/figure-latex/distribution-1.pdf> <./readme_files/figure-lat
ex/distribution-2.pdf>]
Package babel Info: Redefining portuges shorthand "|
(babel)             in language  on input line 1029.
Package atveryend Info: Empty hook `BeforeClearDocument' on input line 1029.
Package atveryend Info: Empty hook `AfterLastShipout' on input line 1029.
 (./rootz.aux)
Package atveryend Info: Executing hook `AtVeryEndDocument' on input line 1029.
Package atveryend Info: Executing hook `AtEndAfterFileList' on input line 1029.

Package rerunfilecheck Info: File `rootz.out' has not changed.
(rerunfilecheck)             Checksum: 887D1DCD2C4E8F5A05DC819554751F80;2339.
Package atveryend Info: Empty hook `AtVeryVeryEnd' on input line 1029.
 ) ) 
Here is how much of TeX's memory you used:
 10803 strings out of 494828
 168849 string characters out of 6176050
 333746 words of memory out of 5000000
 13814 multiletter control sequences out of 15000+600000
 10323 words of font info for 54 fonts, out of 8000000 for 9000
 64 hyphenation exceptions out of 8191
 41i,10n,46p,326b,476s stack positions out of 5000i,500n,10000p,200000b,80000s
</data/data-erick/tex/texlive/2016/texmf-dist/fonts/type1/public/amsfonts/c
m/cmbx12.pfb></data/data-erick/tex/texlive/2016/texmf-dist/fonts/type1/public/a
msfonts/cm/cmr12.pfb></data/data-erick/tex/texlive/2016/texmf-dist/fonts/type1/
public/amsfonts/cm/cmsy10.pfb></data/data-erick/tex/texlive/2016/texmf-dist/fon
ts/type1/public/amsfonts/cm/cmtt12.pfb>
Output written on rootz.pdf (23 pages, 263843 bytes).
PDF statistics:
 470 PDF objects out of 1000 (max. 8388607)
 389 compressed objects within 4 object streams
 92 named destinations out of 1000 (max. 500000)
 9041 words of extra memory for PDF output out of 10000 (max. 10000000)

